This is pdfeTeX, Version 3.14159-1.10b-2.1 (Web2C 7.4.5) (format=pdflatex 2006.4.14)  26 APR 2006 15:38
entering extended mode
**beavtex
(./beavtex.tex{/usr/share/texmf/pdftex/config/pdftex.cfg}
LaTeX2e <2001/06/01>
Babel <v3.7h> and hyphenation patterns for american, french, german, ngerman, b
ahasa, basque, catalan, croatian, czech, danish, dutch, finnish, greek, iceland
ic, irish, italian, latin, magyar, norsk, norsk, portuges, romanian, russian, s
lovak, slovene, spanish, swedish, turkish, ukrainian, nohyphenation, loaded.
(/usr/share/texmf/tex/latex/beavtex/beavtex.cls
Document Class: beavtex 2005/05/30 v0.3 BeavTeX: OSU thesis class
(/usr/share/texmf/tex/latex/misc/setspace.sty
Package: setspace 2000/12/01 6.7 Contributed and Supported LaTeX2e package

Package: `setspace' 6.7 <2000/12/01>
) (/usr/share/texmf/tex/latex/base/ifthen.sty
Package: ifthen 2001/05/26 v1.1c Standard LaTeX ifthen package (DPC)
)
(/usr/share/texmf/tex/latex/base/book.cls
Document Class: book 2001/04/21 v1.4e Standard LaTeX document class
(/usr/share/texmf/tex/latex/base/bk11.clo
File: bk11.clo 2001/04/21 v1.4e Standard LaTeX file (size option)
)
\c@part=\count79
\c@chapter=\count80
\c@section=\count81
\c@subsection=\count82
\c@subsubsection=\count83
\c@paragraph=\count84
\c@subparagraph=\count85
\c@figure=\count86
\c@table=\count87
\abovecaptionskip=\skip41
\belowcaptionskip=\skip42
\bibindent=\dimen102
))
(/usr/share/texmf/tex/latex/base/fontenc.sty
Package: fontenc 2001/06/05 v1.94 Standard LaTeX package

(/usr/share/texmf/tex/latex/base/t1enc.def
File: t1enc.def 2001/06/05 v1.94 Standard LaTeX file
LaTeX Font Info:    Redeclaring font encoding T1 on input line 38.
))
(/usr/share/texmf/tex/latex/base/inputenc.sty
Package: inputenc 2001/07/10 v0.99a Input encoding file 

(/usr/share/texmf/tex/latex/base/latin1.def
File: latin1.def 2001/07/10 v0.99a Input encoding file 
))
(/usr/share/texmf/tex/latex/amsmath/amsmath.sty
Package: amsmath 2000/07/18 v2.13 AMS math features
\@mathmargin=\skip43

For additional information on amsmath, use the `?' option.
(/usr/share/texmf/tex/latex/amsmath/amstext.sty
Package: amstext 2000/06/29 v2.01

(/usr/share/texmf/tex/latex/amsmath/amsgen.sty
File: amsgen.sty 1999/11/30 v2.0
\@emptytoks=\toks14
\ex@=\dimen103
))
(/usr/share/texmf/tex/latex/amsmath/amsbsy.sty
Package: amsbsy 1999/11/29 v1.2d
\pmbraise@=\dimen104
)
(/usr/share/texmf/tex/latex/amsmath/amsopn.sty
Package: amsopn 1999/12/14 v2.01 operator names
)
\inf@bad=\count88
LaTeX Info: Redefining \frac on input line 211.
\uproot@=\count89
\leftroot@=\count90
LaTeX Info: Redefining \overline on input line 307.
\classnum@=\count91
\DOTSCASE@=\count92
LaTeX Info: Redefining \ldots on input line 379.
LaTeX Info: Redefining \dots on input line 382.
LaTeX Info: Redefining \cdots on input line 467.
\Mathstrutbox@=\box26
\strutbox@=\box27
\big@size=\dimen105
LaTeX Font Info:    Redeclaring font encoding OML on input line 567.
LaTeX Font Info:    Redeclaring font encoding OMS on input line 568.
\macc@depth=\count93
\c@MaxMatrixCols=\count94
\dotsspace@=\muskip10
\c@parentequation=\count95
\dspbrk@lvl=\count96
\tag@help=\toks15
\row@=\count97
\column@=\count98
\maxfields@=\count99
\andhelp@=\toks16
\eqnshift@=\dimen106
\alignsep@=\dimen107
\tagshift@=\dimen108
\tagwidth@=\dimen109
\totwidth@=\dimen110
\lineht@=\dimen111
\@envbody=\toks17
\multlinegap=\skip44
\multlinetaggap=\skip45
\mathdisplay@stack=\toks18
LaTeX Info: Redefining \[ on input line 2666.
LaTeX Info: Redefining \] on input line 2667.
)
(/usr/share/texmf/tex/latex/amsfonts/amssymb.sty
Package: amssymb 2002/01/22 v2.2d

(/usr/share/texmf/tex/latex/amsfonts/amsfonts.sty
Package: amsfonts 2001/10/25 v2.2f
\symAMSa=\mathgroup4
\symAMSb=\mathgroup5
LaTeX Font Info:    Overwriting math alphabet `\mathfrak' in version `bold'
(Font)                  U/euf/m/n --> U/euf/b/n on input line 132.
))
(/usr/share/texmf/tex/latex/natbib/natbib.sty
Package: natbib 2000/07/24 7.0a (PWD)
\bibhang=\skip46
\bibsep=\skip47
LaTeX Info: Redefining \cite on input line 508.
\c@NAT@ctr=\count100
)
(/usr/share/texmf/tex/latex/tools/verbatim.sty
Package: verbatim 2001/03/12 v1.5p LaTeX2e package for verbatim enhancements
\every@verbatim=\toks19
\verbatim@line=\toks20
\verbatim@in@stream=\read1
)
(/usr/share/texmf/tex/generic/babel/babel.sty
Package: babel 2001/03/01 v3.7h The Babel package

(/usr/share/texmf/tex/generic/babel/english.ldf
Language: english 2001/04/15 v3.3l English support from the babel system

(/usr/share/texmf/tex/generic/babel/babel.def
File: babel.def 2001/03/01 v3.7h Babel common definitions
\babel@savecnt=\count101
\U@D=\dimen112
)
\l@canadian = a dialect from \language\l@english 
)
(/usr/share/texmf/tex/generic/babel/english.ldf
Language: english 2001/04/15 v3.3l English support from the babel system
)) (./beavtex.aux
(./Introduction.aux) (./Using_beavtex.aux))
\openout1 = `beavtex.aux'.

LaTeX Font Info:    Checking defaults for OML/cmm/m/it on input line 50.
LaTeX Font Info:    ... okay on input line 50.
LaTeX Font Info:    Checking defaults for T1/cmr/m/n on input line 50.
LaTeX Font Info:    ... okay on input line 50.
LaTeX Font Info:    Checking defaults for OT1/cmr/m/n on input line 50.
LaTeX Font Info:    ... okay on input line 50.
LaTeX Font Info:    Checking defaults for OMS/cmsy/m/n on input line 50.
LaTeX Font Info:    ... okay on input line 50.
LaTeX Font Info:    Checking defaults for OMX/cmex/m/n on input line 50.
LaTeX Font Info:    ... okay on input line 50.
LaTeX Font Info:    Checking defaults for U/cmr/m/n on input line 50.
LaTeX Font Info:    ... okay on input line 50.
LaTeX Font Info:    Try loading font information for U+msa on input line 127.

(/usr/share/texmf/tex/latex/amsfonts/umsa.fd
File: umsa.fd 2002/01/19 v2.2g AMS font definitions
)
LaTeX Font Info:    Try loading font information for U+msb on input line 127.

(/usr/share/texmf/tex/latex/amsfonts/umsb.fd
File: umsb.fd 2002/01/19 v2.2g AMS font definitions
)
Underfull \hbox (badness 10000) in paragraph at lines 127--127

 []

[1

{/var/lib/texmf/dvips/config/pdftex.map}]
LaTeX Font Info:    Try loading font information for OMS+cmr on input line 127.


(/usr/share/texmf/tex/latex/base/omscmr.fd
File: omscmr.fd 1999/05/25 v2.5h Standard LaTeX font definitions
)
LaTeX Font Info:    Font shape `OMS/cmr/m/n' in size <10.95> not available
(Font)              Font shape `OMS/cmsy/m/n' tried instead on input line 127.
 [2] [1


] [2] [3] [4


] (./beavtex.toc)
\tf@toc=\write3
\openout3 = `beavtex.toc'.


Underfull \hbox (badness 10000) has occurred while \output is active

 []


Overfull \vbox (9.40155pt too high) has occurred while \output is active []


[5]
\openout2 = `Introduction.aux'.

 (./Introduction.tex
Chapter 1.
LaTeX Font Info:    Try loading font information for T1+cmtt on input line 24.
(/usr/share/texmf/tex/latex/base/t1cmtt.fd
File: t1cmtt.fd 1999/05/25 v2.5h Standard LaTeX font definitions
)

Package natbib Warning: Citation `lamport.94:LaTeX' on page 1 undefined on inpu
t line 44.


Package natbib Warning: Citation `knuth.84:TeXbook' on page 1 undefined on inpu
t line 47.

[1


]
Underfull \hbox (badness 10000) has occurred while \output is active

 []

[2]
LaTeX Font Info:    Try loading font information for T1+cmss on input line 95.
 (/usr/share/texmf/tex/latex/base/t1cmss.fd
File: t1cmss.fd 1999/05/25 v2.5h Standard LaTeX font definitions
))
Underfull \hbox (badness 10000) has occurred while \output is active

 []

[3]
\openout2 = `Using_beavtex.aux'.

 (./Using_beavtex.tex
Underfull \hbox (badness 10000) has occurred while \output is active

 []

[4


]
Chapter 2.

Underfull \hbox (badness 10000) has occurred while \output is active

 []

[5

]
LaTeX Font Info:    Font shape `T1/cmtt/bx/n' in size <10.95> not available
(Font)              Font shape `T1/cmtt/m/n' tried instead on input line 85.


LaTeX Font Warning: Font shape `T1/cmtt/bx/sc' undefined
(Font)              using `T1/cmtt/bx/n' instead on input line 85.


Underfull \hbox (badness 10000) has occurred while \output is active

 []

[6]
Underfull \hbox (badness 10000) has occurred while \output is active

 []

[7]

Package natbib Warning: Citation `knuth.84:TeXbook' on page 8 undefined on inpu
t line 151.


Underfull \hbox (badness 10000) has occurred while \output is active

 []

[8]
Underfull \hbox (badness 10000) has occurred while \output is active

 []

[9]
Underfull \hbox (badness 10000) has occurred while \output is active

 []

[10]
Overfull \hbox (30.82225pt too wide) in paragraph at lines 275--275
/ectt1095/\headingpage{Title}{Authors}{Journal Title}{Journal address}  
 []


Underfull \hbox (badness 10000) has occurred while \output is active

 []

[11]
Overfull \hbox (31.0913pt too wide) in paragraph at lines 322--325
[]/ecrm1095/This works the same as /ectt1095/\listoffigures /ecrm1095/above. Us
e /ectt1095/\listofappendixtables
 []


Underfull \hbox (badness 10000) has occurred while \output is active

 []

[12]
Underfull \hbox (badness 10000) has occurred while \output is active

 []

[13]
Underfull \hbox (badness 10000) has occurred while \output is active

 []

[14])
Underfull \hbox (badness 10000) has occurred while \output is active

 []

[15]
\openout2 = `Using_lyx.aux'.

 (./Using_lyx.tex
Chapter 3.
)
Underfull \hbox (badness 10000) has occurred while \output is active

 []

[16



]
No file beavtex.bbl.

Package natbib Warning: There were undefined citations.

(./beavtex.aux (./Introduction.aux) (./Using_beavtex.aux) (./Using_lyx.aux))

LaTeX Font Warning: Some font shapes were not available, defaults substituted.


LaTeX Warning: Label(s) may have changed. Rerun to get cross-references right.

 ) 
Here is how much of TeX's memory you used:
 2311 strings out of 94960
 26224 string characters out of 1182470
 80799 words of memory out of 1000001
 5371 multiletter control sequences out of 10000+50000
 27647 words of font info for 67 fonts, out of 500000 for 1000
 198 hyphenation exceptions out of 1000
 27i,10n,32p,331b,332s stack positions out of 1500i,500n,5000p,200000b,5000s
 105 PDF objects out of 300000
 0 named destinations out of 131072
 0 words of extra memory for PDF output out of 65536
{/usr/share/texmf/dvips/tetex/bbad153f.enc}</usr/share/texmf/fonts/type1/blue
sky/cm/cmsy10.pfb> </var/cache/fonts/pk/ljfour/jknappen/ec/ecsi1095.600pk> </va
r/cache/fonts/pk/ljfour/jknappen/ec/ectc1095.600pk> </var/cache/fonts/pk/ljfour
/jknappen/ec/ecxc1440.600pk> </var/cache/fonts/pk/ljfour/jknappen/ec/ecxc1000.6
00pk> </var/cache/fonts/pk/ljfour/jknappen/ec/ecbx1440.600pk>{/usr/share/texmf/
dvips/tetex/aae443f0.enc}</usr/share/texmf/fonts/type1/bluesky/cm/cmmi10.pfb> <
/var/cache/fonts/pk/ljfour/jknappen/ec/ecss1095.600pk> </var/cache/fonts/pk/ljf
our/jknappen/ec/ecrm1000.600pk> </var/cache/fonts/pk/ljfour/jknappen/ec/ectt109
5.600pk> </var/cache/fonts/pk/ljfour/jknappen/ec/eccc1440.600pk> </var/cache/fo
nts/pk/ljfour/jknappen/ec/eccc1000.600pk>{/usr/share/texmf/dvips/tetex/f7b6d320
.enc}</usr/share/texmf/fonts/type1/bluesky/cm/cmr12.pfb> </var/cache/fonts/pk/l
jfour/jknappen/ec/ecbx1095.600pk> </var/cache/fonts/pk/ljfour/jknappen/ec/ecti1
095.600pk></usr/share/texmf/fonts/type1/bluesky/cm/cmsy8.pfb> </var/cache/fonts
/pk/ljfour/jknappen/ec/eccc1095.600pk> </var/cache/fonts/pk/ljfour/jknappen/ec/
eccc0800.600pk></usr/share/texmf/fonts/type1/bluesky/cm/cmr10.pfb> </var/cache/
fonts/pk/ljfour/jknappen/ec/ecrm0800.600pk> </var/cache/fonts/pk/ljfour/jknappe
n/ec/ecrm1095.600pk> </var/cache/fonts/pk/ljfour/jknappen/ec/ecrm1440.600pk>
Output written on beavtex.pdf (23 pages, 170345 bytes).
